<?xml version="1.0" encoding="UTF-8"?>
<!-- Generated by org.testng.reporters.JUnitXMLReporter -->
<testsuite ignored="0" hostname="DESKTOP-RKFO49S" failures="0" tests="12" name="ApplyLoanTest" time="0.212" errors="0" timestamp="2024-11-01T11:52:12 PKT">
  <testcase classname="LoanManagementTest" name="testApplyLoan" time="0.038"/>
  <testcase classname="LoanManagementTest" name="testApplyLoan" time="0.003"/>
  <testcase classname="LoanManagementTest" name="testApplyLoan" time="0.004"/>
  <testcase classname="LoanManagementTest" name="testApplyLoan" time="0.002"/>
  <testcase classname="LoanManagementTest" name="testCalculateTotalPayable" time="0.008"/>
  <testcase classname="LoanManagementTest" name="testCalculateTotalPayable" time="0.005"/>
  <testcase classname="LoanManagementTest" name="testGetLoanByAccount" time="0.003"/>
  <testcase classname="LoanManagementTest" name="testGetLoanByAccount" time="0.002"/>
  <testcase classname="LoanManagementTest" name="testGetLoans" time="0.003"/>
  <testcase classname="LoanManagementTest" name="testGetLoans" time="0.001"/>
  <testcase classname="LoanManagementTest" name="testListAllLoans" time="0.005"/>
  <testcase classname="LoanManagementTest" name="testListAllLoans" time="0.012"/>
</testsuite> <!-- ApplyLoanTest -->
