<?xml version="1.0" encoding="UTF-8"?>
<!-- Generated by org.testng.reporters.JUnitXMLReporter -->
<testsuite ignored="0" hostname="DESKTOP-QUOSCFQ" failures="0" tests="3" name="ApplyLoanTest" time="0.1" errors="0" timestamp="2024-11-01T21:14:51 PKT">
  <testcase classname="LoanXMLtestcases" name="applyLoan" time="0.013"/>
  <testcase classname="LoanXMLtestcases" name="calculateTotalPayable" time="0.01"/>
  <testcase classname="LoanXMLtestcases" name="getLoanDetails" time="0.006"/>
</testsuite> <!-- ApplyLoanTest -->
