<?xml version="1.0" encoding="UTF-8"?>
<!-- Generated by org.testng.reporters.JUnitXMLReporter -->
<testsuite ignored="0" hostname="DESKTOP-QUOSCFQ" failures="0" tests="3" name="CalculateTotalPayableTest" time="0.031" errors="0" timestamp="2024-11-01T21:14:51 PKT">
  <testcase classname="LoanXMLtestcases" name="applyLoan" time="0.011"/>
  <testcase classname="LoanXMLtestcases" name="calculateTotalPayable" time="0.002"/>
  <testcase classname="LoanXMLtestcases" name="getLoanDetails" time="0.004"/>
</testsuite> <!-- CalculateTotalPayableTest -->
