<?xml version="1.0" encoding="UTF-8"?>
<!-- Generated by org.testng.reporters.JUnitXMLReporter -->
<testsuite ignored="0" hostname="DESKTOP-QN8GHH2" failures="0" tests="3" name="CalculateTotalPayableTest" time="0.016" errors="0" timestamp="2024-11-16T11:15:46 PKT">
  <testcase classname="LoanXMLtestcases" name="applyLoan" time="0.002"/>
  <testcase classname="LoanXMLtestcases" name="calculateTotalPayable" time="0.001"/>
  <testcase classname="LoanXMLtestcases" name="getLoanDetails" time="0.002"/>
</testsuite> <!-- CalculateTotalPayableTest -->
