<?xml version="1.0" encoding="UTF-8"?>
<!-- Generated by org.testng.reporters.JUnitXMLReporter -->
<testsuite ignored="0" hostname="DESKTOP-QUOSCFQ" failures="0" tests="6" name="Default test" time="1.249" errors="0" timestamp="2024-11-01T22:20:01 PKT">
  <testcase classname="AccountExcel_Input" name="testCreateAccount" time="0.026"/>
  <testcase classname="AccountExcel_Input" name="testCreateAccount" time="0.004"/>
  <testcase classname="AccountExcel_Input" name="testCreateAccount" time="0.004"/>
  <testcase classname="AccountExcel_Input" name="testUpdateAccountHolderName" time="0.001"/>
  <testcase classname="AccountExcel_Input" name="testUpdateAccountHolderName" time="0.001"/>
  <testcase classname="AccountExcel_Input" name="testUpdateAccountHolderName" time="0.001"/>
</testsuite> <!-- Default test -->
