<?xml version="1.0" encoding="UTF-8"?>
<testng-results ignored="0" total="3" passed="3" failed="0" skipped="0">
  <reporter-output>
  </reporter-output>
  <suite started-at="2024-11-01T13:20:20 PKT" name="Default suite" finished-at="2024-11-01T13:20:20 PKT" duration-ms="147">
    <groups>
    </groups>
    <test started-at="2024-11-01T13:20:20 PKT" name="Default test" finished-at="2024-11-01T13:20:20 PKT" duration-ms="147">
      <class name="LoanXMLtestcases">
        <test-method is-config="true" signature="setUp()[pri:0, instance:LoanXMLtestcases@4738a206]" started-at="2024-11-01T13:20:20 PKT" name="setUp" finished-at="2024-11-01T13:20:20 PKT" duration-ms="15" status="PASS">
          <reporter-output>
          </reporter-output>
        </test-method> <!-- setUp -->
        <test-method signature="applyLoan()[pri:0, instance:LoanXMLtestcases@4738a206]" started-at="2024-11-01T13:20:20 PKT" name="applyLoan" finished-at="2024-11-01T13:20:20 PKT" duration-ms="19" status="PASS">
          <reporter-output>
          </reporter-output>
        </test-method> <!-- applyLoan -->
        <test-method signature="calculateTotalPayable(int)[pri:0, instance:LoanXMLtestcases@4738a206]" started-at="2024-11-01T13:20:20 PKT" name="calculateTotalPayable" finished-at="2024-11-01T13:20:20 PKT" duration-ms="20" status="PASS">
          <params>
            <param index="0">
              <value>
                <![CDATA[67890]]>
              </value>
            </param>
          </params>
          <reporter-output>
          </reporter-output>
        </test-method> <!-- calculateTotalPayable -->
        <test-method signature="getLoanDetails(int)[pri:0, instance:LoanXMLtestcases@4738a206]" started-at="2024-11-01T13:20:20 PKT" name="getLoanDetails" finished-at="2024-11-01T13:20:20 PKT" duration-ms="15" status="PASS">
          <params>
            <param index="0">
              <value>
                <![CDATA[12345]]>
              </value>
            </param>
          </params>
          <reporter-output>
          </reporter-output>
        </test-method> <!-- getLoanDetails -->
      </class> <!-- LoanXMLtestcases -->
    </test> <!-- Default test -->
  </suite> <!-- Default suite -->
</testng-results>
