<?xml version="1.0" encoding="UTF-8"?>
<testng-results ignored="0" total="3" passed="3" failed="0" skipped="0">
  <reporter-output>
  </reporter-output>
  <suite started-at="2024-11-01T22:16:50 PKT" name="Default suite" finished-at="2024-11-01T22:16:52 PKT" duration-ms="1917">
    <groups>
    </groups>
    <test started-at="2024-11-01T22:16:50 PKT" name="Default test" finished-at="2024-11-01T22:16:52 PKT" duration-ms="1917">
      <class name="TransactionExcelInput">
        <test-method is-config="true" signature="setUp()[pri:0, instance:TransactionExcelInput@bd4dc25]" started-at="2024-11-01T22:16:52 PKT" name="setUp" finished-at="2024-11-01T22:16:52 PKT" duration-ms="12" status="PASS">
          <reporter-output>
          </reporter-output>
        </test-method> <!-- setUp -->
        <test-method signature="testTransferMoney(int,int,double,java.lang.String)[pri:0, instance:TransactionExcelInput@bd4dc25]" started-at="2024-11-01T22:16:52 PKT" name="testTransferMoney" data-provider="transactionData" finished-at="2024-11-01T22:16:52 PKT" duration-ms="62" status="PASS">
          <params>
            <param index="0">
              <value>
                <![CDATA[1001]]>
              </value>
            </param>
            <param index="1">
              <value>
                <![CDATA[1002]]>
              </value>
            </param>
            <param index="2">
              <value>
                <![CDATA[500.0]]>
              </value>
            </param>
            <param index="3">
              <value>
                <![CDATA[Transferred $500.0 from account 1001 to 1002]]>
              </value>
            </param>
          </params>
          <reporter-output>
          </reporter-output>
        </test-method> <!-- testTransferMoney -->
        <test-method is-config="true" signature="setUp()[pri:0, instance:TransactionExcelInput@bd4dc25]" started-at="2024-11-01T22:16:52 PKT" name="setUp" finished-at="2024-11-01T22:16:52 PKT" duration-ms="1" status="PASS">
          <reporter-output>
          </reporter-output>
        </test-method> <!-- setUp -->
        <test-method signature="testTransferMoney(int,int,double,java.lang.String)[pri:0, instance:TransactionExcelInput@bd4dc25]" started-at="2024-11-01T22:16:52 PKT" name="testTransferMoney" data-provider="transactionData" finished-at="2024-11-01T22:16:52 PKT" duration-ms="11" status="PASS">
          <params>
            <param index="0">
              <value>
                <![CDATA[1002]]>
              </value>
            </param>
            <param index="1">
              <value>
                <![CDATA[1001]]>
              </value>
            </param>
            <param index="2">
              <value>
                <![CDATA[6000.0]]>
              </value>
            </param>
            <param index="3">
              <value>
                <![CDATA[Transfer amount must be greater than 0 and less than $5000.0]]>
              </value>
            </param>
          </params>
          <reporter-output>
          </reporter-output>
        </test-method> <!-- testTransferMoney -->
        <test-method is-config="true" signature="setUp()[pri:0, instance:TransactionExcelInput@bd4dc25]" started-at="2024-11-01T22:16:52 PKT" name="setUp" finished-at="2024-11-01T22:16:52 PKT" duration-ms="0" status="PASS">
          <reporter-output>
          </reporter-output>
        </test-method> <!-- setUp -->
        <test-method signature="testTransferMoney(int,int,double,java.lang.String)[pri:0, instance:TransactionExcelInput@bd4dc25]" started-at="2024-11-01T22:16:52 PKT" name="testTransferMoney" data-provider="transactionData" finished-at="2024-11-01T22:16:52 PKT" duration-ms="1" status="PASS">
          <params>
            <param index="0">
              <value>
                <![CDATA[1001]]>
              </value>
            </param>
            <param index="1">
              <value>
                <![CDATA[9999]]>
              </value>
            </param>
            <param index="2">
              <value>
                <![CDATA[300.0]]>
              </value>
            </param>
            <param index="3">
              <value>
                <![CDATA[One or both accounts not found.]]>
              </value>
            </param>
          </params>
          <reporter-output>
          </reporter-output>
        </test-method> <!-- testTransferMoney -->
      </class> <!-- TransactionExcelInput -->
    </test> <!-- Default test -->
  </suite> <!-- Default suite -->
</testng-results>
